<?xml version="1.0" encoding="UTF-8"?>
<!-- Generated by org.testng.reporters.JUnitReportReporter -->
<testsuite skipped="1" hostname="Bhupendras-MacBook-Air.local" name="toolsQA.tests.ElementsPageTests" tests="2" failures="0" timestamp="22 Nov 2020 18:26:16 GMT" time="1.745" errors="1">
  <testcase name="validateTitle" time="1.745" classname="toolsQA.tests.ElementsPageTests">
    <error type="org.openqa.selenium.SessionNotCreatedException" message="session not created: This version of ChromeDriver only supports Chrome version 85
Build info: version: &#039;3.141.59&#039;, revision: &#039;e82be7d358&#039;, time: &#039;2018-11-14T08:17:03&#039;
System info: host: &#039;Bhupendras-MacBook-Air.local&#039;, ip: &#039;2603:6080:802:9900:7d5c:b414:4e3f:e26b&#039;, os.name: &#039;Mac OS X&#039;, os.arch: &#039;x86_64&#039;, os.version: &#039;10.15.7&#039;, java.version: &#039;1.8.0_121&#039;
Driver info: driver.version: ChromeDriver
remote stacktrace: 0   chromedriver                        0x000000010c5df1b9 chromedriver + 4911545
1   chromedriver                        0x000000010c57ee03 chromedriver + 4517379
2   chromedriver                        0x000000010c1ecdc6 chromedriver + 773574
3   chromedriver                        0x000000010c148452 chromedriver + 99410
4   chromedriver                        0x000000010c144d6f chromedriver + 85359
5   chromedriver                        0x000000010c173716 chromedriver + 276246
6   chromedriver                        0x000000010c170723 chromedriver + 263971
7   chromedriver                        0x000000010c14a720 chromedriver + 108320
8   chromedriver                        0x000000010c14b693 chromedriver + 112275
9   chromedriver                        0x000000010c5a7f72 chromedriver + 4685682
10  chromedriver                        0x000000010c5b5b3a chromedriver + 4741946
11  chromedriver                        0x000000010c5b5801 chromedriver + 4741121
12  chromedriver                        0x000000010c58b25e chromedriver + 4567646
13  chromedriver                        0x000000010c5b6061 chromedriver + 4743265
14  chromedriver                        0x000000010c59cd0a chromedriver + 4640010
15  chromedriver                        0x000000010c5cf0ba chromedriver + 4845754
16  chromedriver                        0x000000010c5e5387 chromedriver + 4936583
17  libsystem_pthread.dylib             0x00007fff72368109 _pthread_start + 148
18  libsystem_pthread.dylib             0x00007fff72363b8b thread_start + 15
">
      <![CDATA[org.openqa.selenium.SessionNotCreatedException: session not created: This version of ChromeDriver only supports Chrome version 85
Build info: version: '3.141.59', revision: 'e82be7d358', time: '2018-11-14T08:17:03'
System info: host: 'Bhupendras-MacBook-Air.local', ip: '2603:6080:802:9900:7d5c:b414:4e3f:e26b', os.name: 'Mac OS X', os.arch: 'x86_64', os.version: '10.15.7', java.version: '1.8.0_121'
Driver info: driver.version: ChromeDriver
remote stacktrace: 0   chromedriver                        0x000000010c5df1b9 chromedriver + 4911545
1   chromedriver                        0x000000010c57ee03 chromedriver + 4517379
2   chromedriver                        0x000000010c1ecdc6 chromedriver + 773574
3   chromedriver                        0x000000010c148452 chromedriver + 99410
4   chromedriver                        0x000000010c144d6f chromedriver + 85359
5   chromedriver                        0x000000010c173716 chromedriver + 276246
6   chromedriver                        0x000000010c170723 chromedriver + 263971
7   chromedriver                        0x000000010c14a720 chromedriver + 108320
8   chromedriver                        0x000000010c14b693 chromedriver + 112275
9   chromedriver                        0x000000010c5a7f72 chromedriver + 4685682
10  chromedriver                        0x000000010c5b5b3a chromedriver + 4741946
11  chromedriver                        0x000000010c5b5801 chromedriver + 4741121
12  chromedriver                        0x000000010c58b25e chromedriver + 4567646
13  chromedriver                        0x000000010c5b6061 chromedriver + 4743265
14  chromedriver                        0x000000010c59cd0a chromedriver + 4640010
15  chromedriver                        0x000000010c5cf0ba chromedriver + 4845754
16  chromedriver                        0x000000010c5e5387 chromedriver + 4936583
17  libsystem_pthread.dylib             0x00007fff72368109 _pthread_start + 148
18  libsystem_pthread.dylib             0x00007fff72363b8b thread_start + 15

at sun.reflect.NativeConstructorAccessorImpl.newInstance0(Native Method)
at sun.reflect.NativeConstructorAccessorImpl.newInstance(NativeConstructorAccessorImpl.java:62)
at sun.reflect.DelegatingConstructorAccessorImpl.newInstance(DelegatingConstructorAccessorImpl.java:45)
at java.lang.reflect.Constructor.newInstance(Constructor.java:423)
at org.openqa.selenium.remote.W3CHandshakeResponse.lambda$errorHandler$0(W3CHandshakeResponse.java:62)
at org.openqa.selenium.remote.HandshakeResponse.lambda$getResponseFunction$0(HandshakeResponse.java:30)
at org.openqa.selenium.remote.ProtocolHandshake.lambda$createSession$0(ProtocolHandshake.java:126)
at java.util.stream.ReferencePipeline$3$1.accept(ReferencePipeline.java:193)
at java.util.Spliterators$ArraySpliterator.tryAdvance(Spliterators.java:958)
at java.util.stream.ReferencePipeline.forEachWithCancel(ReferencePipeline.java:126)
at java.util.stream.AbstractPipeline.copyIntoWithCancel(AbstractPipeline.java:498)
at java.util.stream.AbstractPipeline.copyInto(AbstractPipeline.java:485)
at java.util.stream.AbstractPipeline.wrapAndCopyInto(AbstractPipeline.java:471)
at java.util.stream.FindOps$FindOp.evaluateSequential(FindOps.java:152)
at java.util.stream.AbstractPipeline.evaluate(AbstractPipeline.java:234)
at java.util.stream.ReferencePipeline.findFirst(ReferencePipeline.java:464)
at org.openqa.selenium.remote.ProtocolHandshake.createSession(ProtocolHandshake.java:128)
at org.openqa.selenium.remote.ProtocolHandshake.createSession(ProtocolHandshake.java:74)
at org.openqa.selenium.remote.HttpCommandExecutor.execute(HttpCommandExecutor.java:136)
at org.openqa.selenium.remote.service.DriverCommandExecutor.execute(DriverCommandExecutor.java:83)
at org.openqa.selenium.remote.RemoteWebDriver.execute(RemoteWebDriver.java:552)
at org.openqa.selenium.remote.RemoteWebDriver.startSession(RemoteWebDriver.java:213)
at org.openqa.selenium.remote.RemoteWebDriver.<init>(RemoteWebDriver.java:131)
at org.openqa.selenium.chrome.ChromeDriver.<init>(ChromeDriver.java:181)
at org.openqa.selenium.chrome.ChromeDriver.<init>(ChromeDriver.java:168)
at org.openqa.selenium.chrome.ChromeDriver.<init>(ChromeDriver.java:123)
at toolsQA.core.InitializeBrowser.launchBrowser(InitializeBrowser.java:22)
at toolsQA.bo.ElementsPage.verifyPageTitle(ElementsPage.java:21)
at toolsQA.tests.ElementsPageTests.validateTitle(ElementsPageTests.java:22)
at sun.reflect.NativeMethodAccessorImpl.invoke0(Native Method)
at sun.reflect.NativeMethodAccessorImpl.invoke(NativeMethodAccessorImpl.java:62)
at sun.reflect.DelegatingMethodAccessorImpl.invoke(DelegatingMethodAccessorImpl.java:43)
at java.lang.reflect.Method.invoke(Method.java:498)
at org.testng.internal.MethodInvocationHelper.invokeMethod(MethodInvocationHelper.java:124)
at org.testng.internal.Invoker.invokeMethod(Invoker.java:583)
at org.testng.internal.Invoker.invokeTestMethod(Invoker.java:719)
at org.testng.internal.Invoker.invokeTestMethods(Invoker.java:989)
at org.testng.internal.TestMethodWorker.invokeTestMethods(TestMethodWorker.java:125)
at org.testng.internal.TestMethodWorker.run(TestMethodWorker.java:109)
at org.testng.TestRunner.privateRun(TestRunner.java:648)
at org.testng.TestRunner.run(TestRunner.java:505)
at org.testng.SuiteRunner.runTest(SuiteRunner.java:455)
at org.testng.SuiteRunner.runSequentially(SuiteRunner.java:450)
at org.testng.SuiteRunner.privateRun(SuiteRunner.java:415)
at org.testng.SuiteRunner.run(SuiteRunner.java:364)
at org.testng.SuiteRunnerWorker.runSuite(SuiteRunnerWorker.java:52)
at org.testng.SuiteRunnerWorker.run(SuiteRunnerWorker.java:84)
at org.testng.TestNG.runSuitesSequentially(TestNG.java:1208)
at org.testng.TestNG.runSuitesLocally(TestNG.java:1137)
at org.testng.TestNG.runSuites(TestNG.java:1049)
at org.testng.TestNG.run(TestNG.java:1017)
at org.testng.remote.AbstractRemoteTestNG.run(AbstractRemoteTestNG.java:115)
at org.testng.remote.RemoteTestNG.initAndRun(RemoteTestNG.java:251)
at org.testng.remote.RemoteTestNG.main(RemoteTestNG.java:77)
]]>
    </error>
  </testcase> <!-- validateTitle -->
  <testcase name="testForms" classname="toolsQA.tests.ElementsPageTests">
    <skipped/>
  </testcase> <!-- testForms -->
</testsuite> <!-- toolsQA.tests.ElementsPageTests -->
