<?xml version="1.0" encoding="UTF-8"?>
<!-- Generated by org.testng.reporters.JUnitXMLReporter -->
<testsuite hostname="Bhupendras-MacBook-Air.local" ignored="2" name="WebApplications Function Test" tests="12" failures="1" timestamp="22 Nov 2020 18:26:16 GMT" time="13.849" errors="0">
  <testcase name="@BeforeMethod initialize" time="5.991" classname="toolsQA.tests.AlertsFrameWindowsTests">
    <failure type="org.openqa.selenium.SessionNotCreatedException" message="session not created: This version of ChromeDriver only supports Chrome version 85
Build info: version: &amp;apos;3.141.59&amp;apos;, revision: &amp;apos;e82be7d358&amp;apos;, time: &amp;apos;2018-11-14T08:17:03&amp;apos;
System info: host: &amp;apos;Bhupendras-MacBook-Air.local&amp;apos;, ip: &amp;apos;2603:6080:802:9900:7d5c:b414:4e3f:e26b&amp;apos;, os.name: &amp;apos;Mac OS X&amp;apos;, os.arch: &amp;apos;x86_64&amp;apos;, os.version: &amp;apos;10.15.7&amp;apos;, java.version: &amp;apos;1.8.0_121&amp;apos;
Driver info: driver.version: ChromeDriver
remote stacktrace: 0   chromedriver                        0x00000001055681b9 chromedriver + 4911545
1   chromedriver                        0x0000000105507e03 chromedriver + 4517379
2   chromedriver                        0x0000000105175dc6 chromedriver + 773574
3   chromedriver                        0x00000001050d1452 chromedriver + 99410
4   chromedriver                        0x00000001050cdd6f chromedriver + 85359
5   chromedriver                        0x00000001050fc716 chromedriver + 276246
6   chromedriver                        0x00000001050f9723 chromedriver + 263971
7   chromedriver                        0x00000001050d3720 chromedriver + 108320
8   chromedriver                        0x00000001050d4693 chromedriver + 112275
9   chromedriver                        0x0000000105530f72 chromedriver + 4685682
10  chromedriver                        0x000000010553eb3a chromedriver + 4741946
11  chromedriver                        0x000000010553e801 chromedriver + 4741121
12  chromedriver                        0x000000010551425e chromedriver + 4567646
13  chromedriver                        0x000000010553f061 chromedriver + 4743265
14  chromedriver                        0x0000000105525d0a chromedriver + 4640010
15  chromedriver                        0x00000001055580ba chromedriver + 4845754
16  chromedriver                        0x000000010556e387 chromedriver + 4936583
17  libsystem_pthread.dylib             0x00007fff72368109 _pthread_start + 148
18  libsystem_pthread.dylib             0x00007fff72363b8b thread_start + 15
">
      <![CDATA[org.openqa.selenium.SessionNotCreatedException: session not created: This version of ChromeDriver only supports Chrome version 85
Build info: version: '3.141.59', revision: 'e82be7d358', time: '2018-11-14T08:17:03'
System info: host: 'Bhupendras-MacBook-Air.local', ip: '2603:6080:802:9900:7d5c:b414:4e3f:e26b', os.name: 'Mac OS X', os.arch: 'x86_64', os.version: '10.15.7', java.version: '1.8.0_121'
Driver info: driver.version: ChromeDriver
remote stacktrace: 0   chromedriver                        0x00000001055681b9 chromedriver + 4911545
1   chromedriver                        0x0000000105507e03 chromedriver + 4517379
2   chromedriver                        0x0000000105175dc6 chromedriver + 773574
3   chromedriver                        0x00000001050d1452 chromedriver + 99410
4   chromedriver                        0x00000001050cdd6f chromedriver + 85359
5   chromedriver                        0x00000001050fc716 chromedriver + 276246
6   chromedriver                        0x00000001050f9723 chromedriver + 263971
7   chromedriver                        0x00000001050d3720 chromedriver + 108320
8   chromedriver                        0x00000001050d4693 chromedriver + 112275
9   chromedriver                        0x0000000105530f72 chromedriver + 4685682
10  chromedriver                        0x000000010553eb3a chromedriver + 4741946
11  chromedriver                        0x000000010553e801 chromedriver + 4741121
12  chromedriver                        0x000000010551425e chromedriver + 4567646
13  chromedriver                        0x000000010553f061 chromedriver + 4743265
14  chromedriver                        0x0000000105525d0a chromedriver + 4640010
15  chromedriver                        0x00000001055580ba chromedriver + 4845754
16  chromedriver                        0x000000010556e387 chromedriver + 4936583
17  libsystem_pthread.dylib             0x00007fff72368109 _pthread_start + 148
18  libsystem_pthread.dylib             0x00007fff72363b8b thread_start + 15

at sun.reflect.NativeConstructorAccessorImpl.newInstance0(Native Method)
at sun.reflect.NativeConstructorAccessorImpl.newInstance(NativeConstructorAccessorImpl.java:62)
at sun.reflect.DelegatingConstructorAccessorImpl.newInstance(DelegatingConstructorAccessorImpl.java:45)
at java.lang.reflect.Constructor.newInstance(Constructor.java:423)
at org.openqa.selenium.remote.W3CHandshakeResponse.lambda$errorHandler$0(W3CHandshakeResponse.java:62)
at org.openqa.selenium.remote.HandshakeResponse.lambda$getResponseFunction$0(HandshakeResponse.java:30)
at org.openqa.selenium.remote.ProtocolHandshake.lambda$createSession$0(ProtocolHandshake.java:126)
at java.util.stream.ReferencePipeline$3$1.accept(ReferencePipeline.java:193)
at java.util.Spliterators$ArraySpliterator.tryAdvance(Spliterators.java:958)
at java.util.stream.ReferencePipeline.forEachWithCancel(ReferencePipeline.java:126)
at java.util.stream.AbstractPipeline.copyIntoWithCancel(AbstractPipeline.java:498)
at java.util.stream.AbstractPipeline.copyInto(AbstractPipeline.java:485)
at java.util.stream.AbstractPipeline.wrapAndCopyInto(AbstractPipeline.java:471)
at java.util.stream.FindOps$FindOp.evaluateSequential(FindOps.java:152)
at java.util.stream.AbstractPipeline.evaluate(AbstractPipeline.java:234)
at java.util.stream.ReferencePipeline.findFirst(ReferencePipeline.java:464)
at org.openqa.selenium.remote.ProtocolHandshake.createSession(ProtocolHandshake.java:128)
at org.openqa.selenium.remote.ProtocolHandshake.createSession(ProtocolHandshake.java:74)
at org.openqa.selenium.remote.HttpCommandExecutor.execute(HttpCommandExecutor.java:136)
at org.openqa.selenium.remote.service.DriverCommandExecutor.execute(DriverCommandExecutor.java:83)
at org.openqa.selenium.remote.RemoteWebDriver.execute(RemoteWebDriver.java:552)
at org.openqa.selenium.remote.RemoteWebDriver.startSession(RemoteWebDriver.java:213)
at org.openqa.selenium.remote.RemoteWebDriver.<init>(RemoteWebDriver.java:131)
at org.openqa.selenium.chrome.ChromeDriver.<init>(ChromeDriver.java:181)
at org.openqa.selenium.chrome.ChromeDriver.<init>(ChromeDriver.java:168)
at org.openqa.selenium.chrome.ChromeDriver.<init>(ChromeDriver.java:123)
at toolsQA.core.InitializeBrowser.launchBrowser(InitializeBrowser.java:22)
at toolsQA.tests.AlertsFrameWindowsTests.initialize(AlertsFrameWindowsTests.java:21)
at sun.reflect.NativeMethodAccessorImpl.invoke0(Native Method)
at sun.reflect.NativeMethodAccessorImpl.invoke(NativeMethodAccessorImpl.java:62)
at sun.reflect.DelegatingMethodAccessorImpl.invoke(DelegatingMethodAccessorImpl.java:43)
at java.lang.reflect.Method.invoke(Method.java:498)
at org.testng.internal.MethodInvocationHelper.invokeMethod(MethodInvocationHelper.java:124)
at org.testng.internal.MethodInvocationHelper.invokeMethodConsideringTimeout(MethodInvocationHelper.java:59)
at org.testng.internal.Invoker.invokeConfigurationMethod(Invoker.java:458)
at org.testng.internal.Invoker.invokeConfigurations(Invoker.java:222)
at org.testng.internal.Invoker.invokeMethod(Invoker.java:523)
at org.testng.internal.Invoker.invokeTestMethod(Invoker.java:719)
at org.testng.internal.Invoker.invokeTestMethods(Invoker.java:989)
at org.testng.internal.TestMethodWorker.invokeTestMethods(TestMethodWorker.java:125)
at org.testng.internal.TestMethodWorker.run(TestMethodWorker.java:109)
at org.testng.TestRunner.privateRun(TestRunner.java:648)
at org.testng.TestRunner.run(TestRunner.java:505)
at org.testng.SuiteRunner.runTest(SuiteRunner.java:455)
at org.testng.SuiteRunner.runSequentially(SuiteRunner.java:450)
at org.testng.SuiteRunner.privateRun(SuiteRunner.java:415)
at org.testng.SuiteRunner.run(SuiteRunner.java:364)
at org.testng.SuiteRunnerWorker.runSuite(SuiteRunnerWorker.java:52)
at org.testng.SuiteRunnerWorker.run(SuiteRunnerWorker.java:84)
at org.testng.TestNG.runSuitesSequentially(TestNG.java:1208)
at org.testng.TestNG.runSuitesLocally(TestNG.java:1137)
at org.testng.TestNG.runSuites(TestNG.java:1049)
at org.testng.TestNG.run(TestNG.java:1017)
at org.testng.remote.AbstractRemoteTestNG.run(AbstractRemoteTestNG.java:115)
at org.testng.remote.RemoteTestNG.initAndRun(RemoteTestNG.java:251)
at org.testng.remote.RemoteTestNG.main(RemoteTestNG.java:77)
]]>
    </failure>
  </testcase> <!-- @BeforeMethod initialize -->
  <testcase name="@BeforeMethod initialize" time="0.0" classname="toolsQA.tests.AlertsFrameWindowsTests">
    <skipped/>
  </testcase> <!-- @BeforeMethod initialize -->
  <testcase name="@BeforeMethod Initialize" time="1.854" classname="toolsQA.tests.FormsPageTests">
    <failure type="org.openqa.selenium.SessionNotCreatedException" message="session not created: This version of ChromeDriver only supports Chrome version 85
Build info: version: &amp;apos;3.141.59&amp;apos;, revision: &amp;apos;e82be7d358&amp;apos;, time: &amp;apos;2018-11-14T08:17:03&amp;apos;
System info: host: &amp;apos;Bhupendras-MacBook-Air.local&amp;apos;, ip: &amp;apos;2603:6080:802:9900:7d5c:b414:4e3f:e26b&amp;apos;, os.name: &amp;apos;Mac OS X&amp;apos;, os.arch: &amp;apos;x86_64&amp;apos;, os.version: &amp;apos;10.15.7&amp;apos;, java.version: &amp;apos;1.8.0_121&amp;apos;
Driver info: driver.version: ChromeDriver
remote stacktrace: 0   chromedriver                        0x000000010dc3b1b9 chromedriver + 4911545
1   chromedriver                        0x000000010dbdae03 chromedriver + 4517379
2   chromedriver                        0x000000010d848dc6 chromedriver + 773574
3   chromedriver                        0x000000010d7a4452 chromedriver + 99410
4   chromedriver                        0x000000010d7a0d6f chromedriver + 85359
5   chromedriver                        0x000000010d7cf716 chromedriver + 276246
6   chromedriver                        0x000000010d7cc723 chromedriver + 263971
7   chromedriver                        0x000000010d7a6720 chromedriver + 108320
8   chromedriver                        0x000000010d7a7693 chromedriver + 112275
9   chromedriver                        0x000000010dc03f72 chromedriver + 4685682
10  chromedriver                        0x000000010dc11b3a chromedriver + 4741946
11  chromedriver                        0x000000010dc11801 chromedriver + 4741121
12  chromedriver                        0x000000010dbe725e chromedriver + 4567646
13  chromedriver                        0x000000010dc12061 chromedriver + 4743265
14  chromedriver                        0x000000010dbf8d0a chromedriver + 4640010
15  chromedriver                        0x000000010dc2b0ba chromedriver + 4845754
16  chromedriver                        0x000000010dc41387 chromedriver + 4936583
17  libsystem_pthread.dylib             0x00007fff72368109 _pthread_start + 148
18  libsystem_pthread.dylib             0x00007fff72363b8b thread_start + 15
">
      <![CDATA[org.openqa.selenium.SessionNotCreatedException: session not created: This version of ChromeDriver only supports Chrome version 85
Build info: version: '3.141.59', revision: 'e82be7d358', time: '2018-11-14T08:17:03'
System info: host: 'Bhupendras-MacBook-Air.local', ip: '2603:6080:802:9900:7d5c:b414:4e3f:e26b', os.name: 'Mac OS X', os.arch: 'x86_64', os.version: '10.15.7', java.version: '1.8.0_121'
Driver info: driver.version: ChromeDriver
remote stacktrace: 0   chromedriver                        0x000000010dc3b1b9 chromedriver + 4911545
1   chromedriver                        0x000000010dbdae03 chromedriver + 4517379
2   chromedriver                        0x000000010d848dc6 chromedriver + 773574
3   chromedriver                        0x000000010d7a4452 chromedriver + 99410
4   chromedriver                        0x000000010d7a0d6f chromedriver + 85359
5   chromedriver                        0x000000010d7cf716 chromedriver + 276246
6   chromedriver                        0x000000010d7cc723 chromedriver + 263971
7   chromedriver                        0x000000010d7a6720 chromedriver + 108320
8   chromedriver                        0x000000010d7a7693 chromedriver + 112275
9   chromedriver                        0x000000010dc03f72 chromedriver + 4685682
10  chromedriver                        0x000000010dc11b3a chromedriver + 4741946
11  chromedriver                        0x000000010dc11801 chromedriver + 4741121
12  chromedriver                        0x000000010dbe725e chromedriver + 4567646
13  chromedriver                        0x000000010dc12061 chromedriver + 4743265
14  chromedriver                        0x000000010dbf8d0a chromedriver + 4640010
15  chromedriver                        0x000000010dc2b0ba chromedriver + 4845754
16  chromedriver                        0x000000010dc41387 chromedriver + 4936583
17  libsystem_pthread.dylib             0x00007fff72368109 _pthread_start + 148
18  libsystem_pthread.dylib             0x00007fff72363b8b thread_start + 15

at sun.reflect.NativeConstructorAccessorImpl.newInstance0(Native Method)
at sun.reflect.NativeConstructorAccessorImpl.newInstance(NativeConstructorAccessorImpl.java:62)
at sun.reflect.DelegatingConstructorAccessorImpl.newInstance(DelegatingConstructorAccessorImpl.java:45)
at java.lang.reflect.Constructor.newInstance(Constructor.java:423)
at org.openqa.selenium.remote.W3CHandshakeResponse.lambda$errorHandler$0(W3CHandshakeResponse.java:62)
at org.openqa.selenium.remote.HandshakeResponse.lambda$getResponseFunction$0(HandshakeResponse.java:30)
at org.openqa.selenium.remote.ProtocolHandshake.lambda$createSession$0(ProtocolHandshake.java:126)
at java.util.stream.ReferencePipeline$3$1.accept(ReferencePipeline.java:193)
at java.util.Spliterators$ArraySpliterator.tryAdvance(Spliterators.java:958)
at java.util.stream.ReferencePipeline.forEachWithCancel(ReferencePipeline.java:126)
at java.util.stream.AbstractPipeline.copyIntoWithCancel(AbstractPipeline.java:498)
at java.util.stream.AbstractPipeline.copyInto(AbstractPipeline.java:485)
at java.util.stream.AbstractPipeline.wrapAndCopyInto(AbstractPipeline.java:471)
at java.util.stream.FindOps$FindOp.evaluateSequential(FindOps.java:152)
at java.util.stream.AbstractPipeline.evaluate(AbstractPipeline.java:234)
at java.util.stream.ReferencePipeline.findFirst(ReferencePipeline.java:464)
at org.openqa.selenium.remote.ProtocolHandshake.createSession(ProtocolHandshake.java:128)
at org.openqa.selenium.remote.ProtocolHandshake.createSession(ProtocolHandshake.java:74)
at org.openqa.selenium.remote.HttpCommandExecutor.execute(HttpCommandExecutor.java:136)
at org.openqa.selenium.remote.service.DriverCommandExecutor.execute(DriverCommandExecutor.java:83)
at org.openqa.selenium.remote.RemoteWebDriver.execute(RemoteWebDriver.java:552)
at org.openqa.selenium.remote.RemoteWebDriver.startSession(RemoteWebDriver.java:213)
at org.openqa.selenium.remote.RemoteWebDriver.<init>(RemoteWebDriver.java:131)
at org.openqa.selenium.chrome.ChromeDriver.<init>(ChromeDriver.java:181)
at org.openqa.selenium.chrome.ChromeDriver.<init>(ChromeDriver.java:168)
at org.openqa.selenium.chrome.ChromeDriver.<init>(ChromeDriver.java:123)
at toolsQA.core.InitializeBrowser.launchBrowser(InitializeBrowser.java:22)
at toolsQA.tests.FormsPageTests.Initialize(FormsPageTests.java:32)
at sun.reflect.NativeMethodAccessorImpl.invoke0(Native Method)
at sun.reflect.NativeMethodAccessorImpl.invoke(NativeMethodAccessorImpl.java:62)
at sun.reflect.DelegatingMethodAccessorImpl.invoke(DelegatingMethodAccessorImpl.java:43)
at java.lang.reflect.Method.invoke(Method.java:498)
at org.testng.internal.MethodInvocationHelper.invokeMethod(MethodInvocationHelper.java:124)
at org.testng.internal.MethodInvocationHelper.invokeMethodConsideringTimeout(MethodInvocationHelper.java:59)
at org.testng.internal.Invoker.invokeConfigurationMethod(Invoker.java:458)
at org.testng.internal.Invoker.invokeConfigurations(Invoker.java:222)
at org.testng.internal.Invoker.invokeMethod(Invoker.java:523)
at org.testng.internal.Invoker.invokeTestMethod(Invoker.java:719)
at org.testng.internal.Invoker.invokeTestMethods(Invoker.java:989)
at org.testng.internal.TestMethodWorker.invokeTestMethods(TestMethodWorker.java:125)
at org.testng.internal.TestMethodWorker.run(TestMethodWorker.java:109)
at org.testng.TestRunner.privateRun(TestRunner.java:648)
at org.testng.TestRunner.run(TestRunner.java:505)
at org.testng.SuiteRunner.runTest(SuiteRunner.java:455)
at org.testng.SuiteRunner.runSequentially(SuiteRunner.java:450)
at org.testng.SuiteRunner.privateRun(SuiteRunner.java:415)
at org.testng.SuiteRunner.run(SuiteRunner.java:364)
at org.testng.SuiteRunnerWorker.runSuite(SuiteRunnerWorker.java:52)
at org.testng.SuiteRunnerWorker.run(SuiteRunnerWorker.java:84)
at org.testng.TestNG.runSuitesSequentially(TestNG.java:1208)
at org.testng.TestNG.runSuitesLocally(TestNG.java:1137)
at org.testng.TestNG.runSuites(TestNG.java:1049)
at org.testng.TestNG.run(TestNG.java:1017)
at org.testng.remote.AbstractRemoteTestNG.run(AbstractRemoteTestNG.java:115)
at org.testng.remote.RemoteTestNG.initAndRun(RemoteTestNG.java:251)
at org.testng.remote.RemoteTestNG.main(RemoteTestNG.java:77)
]]>
    </failure>
  </testcase> <!-- @BeforeMethod Initialize -->
  <testcase name="@BeforeMethod setup" time="1.95" classname="toolsQA.tests.InteractionsPageTests">
    <failure type="org.openqa.selenium.SessionNotCreatedException" message="session not created: This version of ChromeDriver only supports Chrome version 85
Build info: version: &amp;apos;3.141.59&amp;apos;, revision: &amp;apos;e82be7d358&amp;apos;, time: &amp;apos;2018-11-14T08:17:03&amp;apos;
System info: host: &amp;apos;Bhupendras-MacBook-Air.local&amp;apos;, ip: &amp;apos;2603:6080:802:9900:7d5c:b414:4e3f:e26b&amp;apos;, os.name: &amp;apos;Mac OS X&amp;apos;, os.arch: &amp;apos;x86_64&amp;apos;, os.version: &amp;apos;10.15.7&amp;apos;, java.version: &amp;apos;1.8.0_121&amp;apos;
Driver info: driver.version: ChromeDriver
remote stacktrace: 0   chromedriver                        0x00000001046411b9 chromedriver + 4911545
1   chromedriver                        0x00000001045e0e03 chromedriver + 4517379
2   chromedriver                        0x000000010424edc6 chromedriver + 773574
3   chromedriver                        0x00000001041aa452 chromedriver + 99410
4   chromedriver                        0x00000001041a6d6f chromedriver + 85359
5   chromedriver                        0x00000001041d5716 chromedriver + 276246
6   chromedriver                        0x00000001041d2723 chromedriver + 263971
7   chromedriver                        0x00000001041ac720 chromedriver + 108320
8   chromedriver                        0x00000001041ad693 chromedriver + 112275
9   chromedriver                        0x0000000104609f72 chromedriver + 4685682
10  chromedriver                        0x0000000104617b3a chromedriver + 4741946
11  chromedriver                        0x0000000104617801 chromedriver + 4741121
12  chromedriver                        0x00000001045ed25e chromedriver + 4567646
13  chromedriver                        0x0000000104618061 chromedriver + 4743265
14  chromedriver                        0x00000001045fed0a chromedriver + 4640010
15  chromedriver                        0x00000001046310ba chromedriver + 4845754
16  chromedriver                        0x0000000104647387 chromedriver + 4936583
17  libsystem_pthread.dylib             0x00007fff72368109 _pthread_start + 148
18  libsystem_pthread.dylib             0x00007fff72363b8b thread_start + 15
">
      <![CDATA[org.openqa.selenium.SessionNotCreatedException: session not created: This version of ChromeDriver only supports Chrome version 85
Build info: version: '3.141.59', revision: 'e82be7d358', time: '2018-11-14T08:17:03'
System info: host: 'Bhupendras-MacBook-Air.local', ip: '2603:6080:802:9900:7d5c:b414:4e3f:e26b', os.name: 'Mac OS X', os.arch: 'x86_64', os.version: '10.15.7', java.version: '1.8.0_121'
Driver info: driver.version: ChromeDriver
remote stacktrace: 0   chromedriver                        0x00000001046411b9 chromedriver + 4911545
1   chromedriver                        0x00000001045e0e03 chromedriver + 4517379
2   chromedriver                        0x000000010424edc6 chromedriver + 773574
3   chromedriver                        0x00000001041aa452 chromedriver + 99410
4   chromedriver                        0x00000001041a6d6f chromedriver + 85359
5   chromedriver                        0x00000001041d5716 chromedriver + 276246
6   chromedriver                        0x00000001041d2723 chromedriver + 263971
7   chromedriver                        0x00000001041ac720 chromedriver + 108320
8   chromedriver                        0x00000001041ad693 chromedriver + 112275
9   chromedriver                        0x0000000104609f72 chromedriver + 4685682
10  chromedriver                        0x0000000104617b3a chromedriver + 4741946
11  chromedriver                        0x0000000104617801 chromedriver + 4741121
12  chromedriver                        0x00000001045ed25e chromedriver + 4567646
13  chromedriver                        0x0000000104618061 chromedriver + 4743265
14  chromedriver                        0x00000001045fed0a chromedriver + 4640010
15  chromedriver                        0x00000001046310ba chromedriver + 4845754
16  chromedriver                        0x0000000104647387 chromedriver + 4936583
17  libsystem_pthread.dylib             0x00007fff72368109 _pthread_start + 148
18  libsystem_pthread.dylib             0x00007fff72363b8b thread_start + 15

at sun.reflect.NativeConstructorAccessorImpl.newInstance0(Native Method)
at sun.reflect.NativeConstructorAccessorImpl.newInstance(NativeConstructorAccessorImpl.java:62)
at sun.reflect.DelegatingConstructorAccessorImpl.newInstance(DelegatingConstructorAccessorImpl.java:45)
at java.lang.reflect.Constructor.newInstance(Constructor.java:423)
at org.openqa.selenium.remote.W3CHandshakeResponse.lambda$errorHandler$0(W3CHandshakeResponse.java:62)
at org.openqa.selenium.remote.HandshakeResponse.lambda$getResponseFunction$0(HandshakeResponse.java:30)
at org.openqa.selenium.remote.ProtocolHandshake.lambda$createSession$0(ProtocolHandshake.java:126)
at java.util.stream.ReferencePipeline$3$1.accept(ReferencePipeline.java:193)
at java.util.Spliterators$ArraySpliterator.tryAdvance(Spliterators.java:958)
at java.util.stream.ReferencePipeline.forEachWithCancel(ReferencePipeline.java:126)
at java.util.stream.AbstractPipeline.copyIntoWithCancel(AbstractPipeline.java:498)
at java.util.stream.AbstractPipeline.copyInto(AbstractPipeline.java:485)
at java.util.stream.AbstractPipeline.wrapAndCopyInto(AbstractPipeline.java:471)
at java.util.stream.FindOps$FindOp.evaluateSequential(FindOps.java:152)
at java.util.stream.AbstractPipeline.evaluate(AbstractPipeline.java:234)
at java.util.stream.ReferencePipeline.findFirst(ReferencePipeline.java:464)
at org.openqa.selenium.remote.ProtocolHandshake.createSession(ProtocolHandshake.java:128)
at org.openqa.selenium.remote.ProtocolHandshake.createSession(ProtocolHandshake.java:74)
at org.openqa.selenium.remote.HttpCommandExecutor.execute(HttpCommandExecutor.java:136)
at org.openqa.selenium.remote.service.DriverCommandExecutor.execute(DriverCommandExecutor.java:83)
at org.openqa.selenium.remote.RemoteWebDriver.execute(RemoteWebDriver.java:552)
at org.openqa.selenium.remote.RemoteWebDriver.startSession(RemoteWebDriver.java:213)
at org.openqa.selenium.remote.RemoteWebDriver.<init>(RemoteWebDriver.java:131)
at org.openqa.selenium.chrome.ChromeDriver.<init>(ChromeDriver.java:181)
at org.openqa.selenium.chrome.ChromeDriver.<init>(ChromeDriver.java:168)
at org.openqa.selenium.chrome.ChromeDriver.<init>(ChromeDriver.java:123)
at toolsQA.core.InitializeBrowser.launchBrowser(InitializeBrowser.java:22)
at toolsQA.tests.InteractionsPageTests.setup(InteractionsPageTests.java:13)
at sun.reflect.NativeMethodAccessorImpl.invoke0(Native Method)
at sun.reflect.NativeMethodAccessorImpl.invoke(NativeMethodAccessorImpl.java:62)
at sun.reflect.DelegatingMethodAccessorImpl.invoke(DelegatingMethodAccessorImpl.java:43)
at java.lang.reflect.Method.invoke(Method.java:498)
at org.testng.internal.MethodInvocationHelper.invokeMethod(MethodInvocationHelper.java:124)
at org.testng.internal.MethodInvocationHelper.invokeMethodConsideringTimeout(MethodInvocationHelper.java:59)
at org.testng.internal.Invoker.invokeConfigurationMethod(Invoker.java:458)
at org.testng.internal.Invoker.invokeConfigurations(Invoker.java:222)
at org.testng.internal.Invoker.invokeMethod(Invoker.java:523)
at org.testng.internal.Invoker.invokeTestMethod(Invoker.java:719)
at org.testng.internal.Invoker.invokeTestMethods(Invoker.java:989)
at org.testng.internal.TestMethodWorker.invokeTestMethods(TestMethodWorker.java:125)
at org.testng.internal.TestMethodWorker.run(TestMethodWorker.java:109)
at org.testng.TestRunner.privateRun(TestRunner.java:648)
at org.testng.TestRunner.run(TestRunner.java:505)
at org.testng.SuiteRunner.runTest(SuiteRunner.java:455)
at org.testng.SuiteRunner.runSequentially(SuiteRunner.java:450)
at org.testng.SuiteRunner.privateRun(SuiteRunner.java:415)
at org.testng.SuiteRunner.run(SuiteRunner.java:364)
at org.testng.SuiteRunnerWorker.runSuite(SuiteRunnerWorker.java:52)
at org.testng.SuiteRunnerWorker.run(SuiteRunnerWorker.java:84)
at org.testng.TestNG.runSuitesSequentially(TestNG.java:1208)
at org.testng.TestNG.runSuitesLocally(TestNG.java:1137)
at org.testng.TestNG.runSuites(TestNG.java:1049)
at org.testng.TestNG.run(TestNG.java:1017)
at org.testng.remote.AbstractRemoteTestNG.run(AbstractRemoteTestNG.java:115)
at org.testng.remote.RemoteTestNG.initAndRun(RemoteTestNG.java:251)
at org.testng.remote.RemoteTestNG.main(RemoteTestNG.java:77)
]]>
    </failure>
  </testcase> <!-- @BeforeMethod setup -->
  <testcase name="@BeforeMethod setup" time="0.0" classname="toolsQA.tests.InteractionsPageTests">
    <skipped/>
  </testcase> <!-- @BeforeMethod setup -->
  <testcase name="@AfterClass closeBrowser" time="0.0" classname="toolsQA.tests.InteractionsPageTests">
    <skipped/>
  </testcase> <!-- @AfterClass closeBrowser -->
  <testcase name="@BeforeMethod setup" time="1.842" classname="toolsQA.tests.WidgetsPageTests">
    <failure type="org.openqa.selenium.SessionNotCreatedException" message="session not created: This version of ChromeDriver only supports Chrome version 85
Build info: version: &amp;apos;3.141.59&amp;apos;, revision: &amp;apos;e82be7d358&amp;apos;, time: &amp;apos;2018-11-14T08:17:03&amp;apos;
System info: host: &amp;apos;Bhupendras-MacBook-Air.local&amp;apos;, ip: &amp;apos;2603:6080:802:9900:7d5c:b414:4e3f:e26b&amp;apos;, os.name: &amp;apos;Mac OS X&amp;apos;, os.arch: &amp;apos;x86_64&amp;apos;, os.version: &amp;apos;10.15.7&amp;apos;, java.version: &amp;apos;1.8.0_121&amp;apos;
Driver info: driver.version: ChromeDriver
remote stacktrace: 0   chromedriver                        0x00000001032c31b9 chromedriver + 4911545
1   chromedriver                        0x0000000103262e03 chromedriver + 4517379
2   chromedriver                        0x0000000102ed0dc6 chromedriver + 773574
3   chromedriver                        0x0000000102e2c452 chromedriver + 99410
4   chromedriver                        0x0000000102e28d6f chromedriver + 85359
5   chromedriver                        0x0000000102e57716 chromedriver + 276246
6   chromedriver                        0x0000000102e54723 chromedriver + 263971
7   chromedriver                        0x0000000102e2e720 chromedriver + 108320
8   chromedriver                        0x0000000102e2f693 chromedriver + 112275
9   chromedriver                        0x000000010328bf72 chromedriver + 4685682
10  chromedriver                        0x0000000103299b3a chromedriver + 4741946
11  chromedriver                        0x0000000103299801 chromedriver + 4741121
12  chromedriver                        0x000000010326f25e chromedriver + 4567646
13  chromedriver                        0x000000010329a061 chromedriver + 4743265
14  chromedriver                        0x0000000103280d0a chromedriver + 4640010
15  chromedriver                        0x00000001032b30ba chromedriver + 4845754
16  chromedriver                        0x00000001032c9387 chromedriver + 4936583
17  libsystem_pthread.dylib             0x00007fff72368109 _pthread_start + 148
18  libsystem_pthread.dylib             0x00007fff72363b8b thread_start + 15
">
      <![CDATA[org.openqa.selenium.SessionNotCreatedException: session not created: This version of ChromeDriver only supports Chrome version 85
Build info: version: '3.141.59', revision: 'e82be7d358', time: '2018-11-14T08:17:03'
System info: host: 'Bhupendras-MacBook-Air.local', ip: '2603:6080:802:9900:7d5c:b414:4e3f:e26b', os.name: 'Mac OS X', os.arch: 'x86_64', os.version: '10.15.7', java.version: '1.8.0_121'
Driver info: driver.version: ChromeDriver
remote stacktrace: 0   chromedriver                        0x00000001032c31b9 chromedriver + 4911545
1   chromedriver                        0x0000000103262e03 chromedriver + 4517379
2   chromedriver                        0x0000000102ed0dc6 chromedriver + 773574
3   chromedriver                        0x0000000102e2c452 chromedriver + 99410
4   chromedriver                        0x0000000102e28d6f chromedriver + 85359
5   chromedriver                        0x0000000102e57716 chromedriver + 276246
6   chromedriver                        0x0000000102e54723 chromedriver + 263971
7   chromedriver                        0x0000000102e2e720 chromedriver + 108320
8   chromedriver                        0x0000000102e2f693 chromedriver + 112275
9   chromedriver                        0x000000010328bf72 chromedriver + 4685682
10  chromedriver                        0x0000000103299b3a chromedriver + 4741946
11  chromedriver                        0x0000000103299801 chromedriver + 4741121
12  chromedriver                        0x000000010326f25e chromedriver + 4567646
13  chromedriver                        0x000000010329a061 chromedriver + 4743265
14  chromedriver                        0x0000000103280d0a chromedriver + 4640010
15  chromedriver                        0x00000001032b30ba chromedriver + 4845754
16  chromedriver                        0x00000001032c9387 chromedriver + 4936583
17  libsystem_pthread.dylib             0x00007fff72368109 _pthread_start + 148
18  libsystem_pthread.dylib             0x00007fff72363b8b thread_start + 15

at sun.reflect.NativeConstructorAccessorImpl.newInstance0(Native Method)
at sun.reflect.NativeConstructorAccessorImpl.newInstance(NativeConstructorAccessorImpl.java:62)
at sun.reflect.DelegatingConstructorAccessorImpl.newInstance(DelegatingConstructorAccessorImpl.java:45)
at java.lang.reflect.Constructor.newInstance(Constructor.java:423)
at org.openqa.selenium.remote.W3CHandshakeResponse.lambda$errorHandler$0(W3CHandshakeResponse.java:62)
at org.openqa.selenium.remote.HandshakeResponse.lambda$getResponseFunction$0(HandshakeResponse.java:30)
at org.openqa.selenium.remote.ProtocolHandshake.lambda$createSession$0(ProtocolHandshake.java:126)
at java.util.stream.ReferencePipeline$3$1.accept(ReferencePipeline.java:193)
at java.util.Spliterators$ArraySpliterator.tryAdvance(Spliterators.java:958)
at java.util.stream.ReferencePipeline.forEachWithCancel(ReferencePipeline.java:126)
at java.util.stream.AbstractPipeline.copyIntoWithCancel(AbstractPipeline.java:498)
at java.util.stream.AbstractPipeline.copyInto(AbstractPipeline.java:485)
at java.util.stream.AbstractPipeline.wrapAndCopyInto(AbstractPipeline.java:471)
at java.util.stream.FindOps$FindOp.evaluateSequential(FindOps.java:152)
at java.util.stream.AbstractPipeline.evaluate(AbstractPipeline.java:234)
at java.util.stream.ReferencePipeline.findFirst(ReferencePipeline.java:464)
at org.openqa.selenium.remote.ProtocolHandshake.createSession(ProtocolHandshake.java:128)
at org.openqa.selenium.remote.ProtocolHandshake.createSession(ProtocolHandshake.java:74)
at org.openqa.selenium.remote.HttpCommandExecutor.execute(HttpCommandExecutor.java:136)
at org.openqa.selenium.remote.service.DriverCommandExecutor.execute(DriverCommandExecutor.java:83)
at org.openqa.selenium.remote.RemoteWebDriver.execute(RemoteWebDriver.java:552)
at org.openqa.selenium.remote.RemoteWebDriver.startSession(RemoteWebDriver.java:213)
at org.openqa.selenium.remote.RemoteWebDriver.<init>(RemoteWebDriver.java:131)
at org.openqa.selenium.chrome.ChromeDriver.<init>(ChromeDriver.java:181)
at org.openqa.selenium.chrome.ChromeDriver.<init>(ChromeDriver.java:168)
at org.openqa.selenium.chrome.ChromeDriver.<init>(ChromeDriver.java:123)
at toolsQA.core.InitializeBrowser.launchBrowser(InitializeBrowser.java:22)
at toolsQA.tests.WidgetsPageTests.setup(WidgetsPageTests.java:15)
at sun.reflect.NativeMethodAccessorImpl.invoke0(Native Method)
at sun.reflect.NativeMethodAccessorImpl.invoke(NativeMethodAccessorImpl.java:62)
at sun.reflect.DelegatingMethodAccessorImpl.invoke(DelegatingMethodAccessorImpl.java:43)
at java.lang.reflect.Method.invoke(Method.java:498)
at org.testng.internal.MethodInvocationHelper.invokeMethod(MethodInvocationHelper.java:124)
at org.testng.internal.MethodInvocationHelper.invokeMethodConsideringTimeout(MethodInvocationHelper.java:59)
at org.testng.internal.Invoker.invokeConfigurationMethod(Invoker.java:458)
at org.testng.internal.Invoker.invokeConfigurations(Invoker.java:222)
at org.testng.internal.Invoker.invokeMethod(Invoker.java:523)
at org.testng.internal.Invoker.invokeTestMethod(Invoker.java:719)
at org.testng.internal.Invoker.invokeTestMethods(Invoker.java:989)
at org.testng.internal.TestMethodWorker.invokeTestMethods(TestMethodWorker.java:125)
at org.testng.internal.TestMethodWorker.run(TestMethodWorker.java:109)
at org.testng.TestRunner.privateRun(TestRunner.java:648)
at org.testng.TestRunner.run(TestRunner.java:505)
at org.testng.SuiteRunner.runTest(SuiteRunner.java:455)
at org.testng.SuiteRunner.runSequentially(SuiteRunner.java:450)
at org.testng.SuiteRunner.privateRun(SuiteRunner.java:415)
at org.testng.SuiteRunner.run(SuiteRunner.java:364)
at org.testng.SuiteRunnerWorker.runSuite(SuiteRunnerWorker.java:52)
at org.testng.SuiteRunnerWorker.run(SuiteRunnerWorker.java:84)
at org.testng.TestNG.runSuitesSequentially(TestNG.java:1208)
at org.testng.TestNG.runSuitesLocally(TestNG.java:1137)
at org.testng.TestNG.runSuites(TestNG.java:1049)
at org.testng.TestNG.run(TestNG.java:1017)
at org.testng.remote.AbstractRemoteTestNG.run(AbstractRemoteTestNG.java:115)
at org.testng.remote.RemoteTestNG.initAndRun(RemoteTestNG.java:251)
at org.testng.remote.RemoteTestNG.main(RemoteTestNG.java:77)
]]>
    </failure>
  </testcase> <!-- @BeforeMethod setup -->
  <testcase name="@AfterClass closeBrowser" time="0.0" classname="toolsQA.tests.WidgetsPageTests">
    <skipped/>
  </testcase> <!-- @AfterClass closeBrowser -->
  <testcase name="@BeforeMethod beforeMethod" time="0.001" classname="toolsQA.tests.DemoExtentReport">
    <failure type="java.lang.IllegalStateException" message="The driver executable does not exist: /Users/bhupendranath/eclipse-workspace/FrameWorkMVN/Drivers/chromedriver">
      <![CDATA[java.lang.IllegalStateException: The driver executable does not exist: /Users/bhupendranath/eclipse-workspace/FrameWorkMVN/Drivers/chromedriver
at com.google.common.base.Preconditions.checkState(Preconditions.java:585)
at org.openqa.selenium.remote.service.DriverService.checkExecutable(DriverService.java:146)
at org.openqa.selenium.remote.service.DriverService.findExecutable(DriverService.java:141)
at org.openqa.selenium.chrome.ChromeDriverService.access$000(ChromeDriverService.java:35)
at org.openqa.selenium.chrome.ChromeDriverService$Builder.findDefaultExecutable(ChromeDriverService.java:159)
at org.openqa.selenium.remote.service.DriverService$Builder.build(DriverService.java:355)
at org.openqa.selenium.chrome.ChromeDriverService.createDefaultService(ChromeDriverService.java:94)
at org.openqa.selenium.chrome.ChromeDriver.<init>(ChromeDriver.java:123)
at toolsQA.tests.DemoExtentReport.beforeMethod(DemoExtentReport.java:184)
at sun.reflect.NativeMethodAccessorImpl.invoke0(Native Method)
at sun.reflect.NativeMethodAccessorImpl.invoke(NativeMethodAccessorImpl.java:62)
at sun.reflect.DelegatingMethodAccessorImpl.invoke(DelegatingMethodAccessorImpl.java:43)
at java.lang.reflect.Method.invoke(Method.java:498)
at org.testng.internal.MethodInvocationHelper.invokeMethod(MethodInvocationHelper.java:124)
at org.testng.internal.MethodInvocationHelper.invokeMethodConsideringTimeout(MethodInvocationHelper.java:59)
at org.testng.internal.Invoker.invokeConfigurationMethod(Invoker.java:458)
at org.testng.internal.Invoker.invokeConfigurations(Invoker.java:222)
at org.testng.internal.Invoker.invokeMethod(Invoker.java:523)
at org.testng.internal.Invoker.invokeTestMethod(Invoker.java:719)
at org.testng.internal.Invoker.invokeTestMethods(Invoker.java:989)
at org.testng.internal.TestMethodWorker.invokeTestMethods(TestMethodWorker.java:125)
at org.testng.internal.TestMethodWorker.run(TestMethodWorker.java:109)
at org.testng.TestRunner.privateRun(TestRunner.java:648)
at org.testng.TestRunner.run(TestRunner.java:505)
at org.testng.SuiteRunner.runTest(SuiteRunner.java:455)
at org.testng.SuiteRunner.runSequentially(SuiteRunner.java:450)
at org.testng.SuiteRunner.privateRun(SuiteRunner.java:415)
at org.testng.SuiteRunner.run(SuiteRunner.java:364)
at org.testng.SuiteRunnerWorker.runSuite(SuiteRunnerWorker.java:52)
at org.testng.SuiteRunnerWorker.run(SuiteRunnerWorker.java:84)
at org.testng.TestNG.runSuitesSequentially(TestNG.java:1208)
at org.testng.TestNG.runSuitesLocally(TestNG.java:1137)
at org.testng.TestNG.runSuites(TestNG.java:1049)
at org.testng.TestNG.run(TestNG.java:1017)
at org.testng.remote.AbstractRemoteTestNG.run(AbstractRemoteTestNG.java:115)
at org.testng.remote.RemoteTestNG.initAndRun(RemoteTestNG.java:251)
at org.testng.remote.RemoteTestNG.main(RemoteTestNG.java:77)
]]>
    </failure>
  </testcase> <!-- @BeforeMethod beforeMethod -->
  <testcase name="@AfterMethod afterMethod" time="0.0" classname="toolsQA.tests.DemoExtentReport">
    <skipped/>
  </testcase> <!-- @AfterMethod afterMethod -->
  <testcase name="@BeforeMethod beforeMethod" time="0.0" classname="toolsQA.tests.DemoExtentReport">
    <skipped/>
  </testcase> <!-- @BeforeMethod beforeMethod -->
  <testcase name="@AfterMethod afterMethod" time="0.0" classname="toolsQA.tests.DemoExtentReport">
    <skipped/>
  </testcase> <!-- @AfterMethod afterMethod -->
  <testcase name="@BeforeMethod beforeMethod" time="0.0" classname="toolsQA.tests.DemoExtentReport">
    <skipped/>
  </testcase> <!-- @BeforeMethod beforeMethod -->
  <testcase name="@AfterMethod afterMethod" time="0.0" classname="toolsQA.tests.DemoExtentReport">
    <skipped/>
  </testcase> <!-- @AfterMethod afterMethod -->
  <testcase name="@BeforeMethod beforeMethod" time="0.0" classname="toolsQA.tests.DemoExtentReport">
    <skipped/>
  </testcase> <!-- @BeforeMethod beforeMethod -->
  <testcase name="@AfterMethod afterMethod" time="0.0" classname="toolsQA.tests.DemoExtentReport">
    <skipped/>
  </testcase> <!-- @AfterMethod afterMethod -->
  <testcase name="@AfterClass endReport" time="0.0" classname="toolsQA.tests.DemoExtentReport">
    <skipped/>
  </testcase> <!-- @AfterClass endReport -->
  <testcase name="@BeforeMethod initialize" time="0.0" classname="toolsQA.tests.AlertsFrameWindowsTests">
    <skipped/>
  </testcase> <!-- @BeforeMethod initialize -->
  <testcase name="@AfterTest tearDown" time="0.0" classname="toolsQA.tests.AlertsFrameWindowsTests">
    <skipped/>
  </testcase> <!-- @AfterTest tearDown -->
  <testcase name="@AfterTest tearDownBrowser" time="0.0" classname="toolsQA.tests.ElementsPageTests">
    <skipped/>
  </testcase> <!-- @AfterTest tearDownBrowser -->
  <testcase name="@AfterTest tearDown" time="0.0" classname="toolsQA.tests.FormsPageTests">
    <skipped/>
  </testcase> <!-- @AfterTest tearDown -->
  <testcase name="testAlert" time="0.0" classname="toolsQA.tests.AlertsFrameWindowsTests">
    <skipped/>
  </testcase> <!-- testAlert -->
  <testcase name="testFrames" time="0.0" classname="toolsQA.tests.AlertsFrameWindowsTests">
    <skipped/>
  </testcase> <!-- testFrames -->
  <testcase name="validateTitle" time="1.745" classname="toolsQA.tests.ElementsPageTests">
    <failure type="org.openqa.selenium.SessionNotCreatedException" message="session not created: This version of ChromeDriver only supports Chrome version 85
Build info: version: &amp;apos;3.141.59&amp;apos;, revision: &amp;apos;e82be7d358&amp;apos;, time: &amp;apos;2018-11-14T08:17:03&amp;apos;
System info: host: &amp;apos;Bhupendras-MacBook-Air.local&amp;apos;, ip: &amp;apos;2603:6080:802:9900:7d5c:b414:4e3f:e26b&amp;apos;, os.name: &amp;apos;Mac OS X&amp;apos;, os.arch: &amp;apos;x86_64&amp;apos;, os.version: &amp;apos;10.15.7&amp;apos;, java.version: &amp;apos;1.8.0_121&amp;apos;
Driver info: driver.version: ChromeDriver
remote stacktrace: 0   chromedriver                        0x000000010c5df1b9 chromedriver + 4911545
1   chromedriver                        0x000000010c57ee03 chromedriver + 4517379
2   chromedriver                        0x000000010c1ecdc6 chromedriver + 773574
3   chromedriver                        0x000000010c148452 chromedriver + 99410
4   chromedriver                        0x000000010c144d6f chromedriver + 85359
5   chromedriver                        0x000000010c173716 chromedriver + 276246
6   chromedriver                        0x000000010c170723 chromedriver + 263971
7   chromedriver                        0x000000010c14a720 chromedriver + 108320
8   chromedriver                        0x000000010c14b693 chromedriver + 112275
9   chromedriver                        0x000000010c5a7f72 chromedriver + 4685682
10  chromedriver                        0x000000010c5b5b3a chromedriver + 4741946
11  chromedriver                        0x000000010c5b5801 chromedriver + 4741121
12  chromedriver                        0x000000010c58b25e chromedriver + 4567646
13  chromedriver                        0x000000010c5b6061 chromedriver + 4743265
14  chromedriver                        0x000000010c59cd0a chromedriver + 4640010
15  chromedriver                        0x000000010c5cf0ba chromedriver + 4845754
16  chromedriver                        0x000000010c5e5387 chromedriver + 4936583
17  libsystem_pthread.dylib             0x00007fff72368109 _pthread_start + 148
18  libsystem_pthread.dylib             0x00007fff72363b8b thread_start + 15
">
      <![CDATA[org.openqa.selenium.SessionNotCreatedException: session not created: This version of ChromeDriver only supports Chrome version 85
Build info: version: '3.141.59', revision: 'e82be7d358', time: '2018-11-14T08:17:03'
System info: host: 'Bhupendras-MacBook-Air.local', ip: '2603:6080:802:9900:7d5c:b414:4e3f:e26b', os.name: 'Mac OS X', os.arch: 'x86_64', os.version: '10.15.7', java.version: '1.8.0_121'
Driver info: driver.version: ChromeDriver
remote stacktrace: 0   chromedriver                        0x000000010c5df1b9 chromedriver + 4911545
1   chromedriver                        0x000000010c57ee03 chromedriver + 4517379
2   chromedriver                        0x000000010c1ecdc6 chromedriver + 773574
3   chromedriver                        0x000000010c148452 chromedriver + 99410
4   chromedriver                        0x000000010c144d6f chromedriver + 85359
5   chromedriver                        0x000000010c173716 chromedriver + 276246
6   chromedriver                        0x000000010c170723 chromedriver + 263971
7   chromedriver                        0x000000010c14a720 chromedriver + 108320
8   chromedriver                        0x000000010c14b693 chromedriver + 112275
9   chromedriver                        0x000000010c5a7f72 chromedriver + 4685682
10  chromedriver                        0x000000010c5b5b3a chromedriver + 4741946
11  chromedriver                        0x000000010c5b5801 chromedriver + 4741121
12  chromedriver                        0x000000010c58b25e chromedriver + 4567646
13  chromedriver                        0x000000010c5b6061 chromedriver + 4743265
14  chromedriver                        0x000000010c59cd0a chromedriver + 4640010
15  chromedriver                        0x000000010c5cf0ba chromedriver + 4845754
16  chromedriver                        0x000000010c5e5387 chromedriver + 4936583
17  libsystem_pthread.dylib             0x00007fff72368109 _pthread_start + 148
18  libsystem_pthread.dylib             0x00007fff72363b8b thread_start + 15

at sun.reflect.NativeConstructorAccessorImpl.newInstance0(Native Method)
at sun.reflect.NativeConstructorAccessorImpl.newInstance(NativeConstructorAccessorImpl.java:62)
at sun.reflect.DelegatingConstructorAccessorImpl.newInstance(DelegatingConstructorAccessorImpl.java:45)
at java.lang.reflect.Constructor.newInstance(Constructor.java:423)
at org.openqa.selenium.remote.W3CHandshakeResponse.lambda$errorHandler$0(W3CHandshakeResponse.java:62)
at org.openqa.selenium.remote.HandshakeResponse.lambda$getResponseFunction$0(HandshakeResponse.java:30)
at org.openqa.selenium.remote.ProtocolHandshake.lambda$createSession$0(ProtocolHandshake.java:126)
at java.util.stream.ReferencePipeline$3$1.accept(ReferencePipeline.java:193)
at java.util.Spliterators$ArraySpliterator.tryAdvance(Spliterators.java:958)
at java.util.stream.ReferencePipeline.forEachWithCancel(ReferencePipeline.java:126)
at java.util.stream.AbstractPipeline.copyIntoWithCancel(AbstractPipeline.java:498)
at java.util.stream.AbstractPipeline.copyInto(AbstractPipeline.java:485)
at java.util.stream.AbstractPipeline.wrapAndCopyInto(AbstractPipeline.java:471)
at java.util.stream.FindOps$FindOp.evaluateSequential(FindOps.java:152)
at java.util.stream.AbstractPipeline.evaluate(AbstractPipeline.java:234)
at java.util.stream.ReferencePipeline.findFirst(ReferencePipeline.java:464)
at org.openqa.selenium.remote.ProtocolHandshake.createSession(ProtocolHandshake.java:128)
at org.openqa.selenium.remote.ProtocolHandshake.createSession(ProtocolHandshake.java:74)
at org.openqa.selenium.remote.HttpCommandExecutor.execute(HttpCommandExecutor.java:136)
at org.openqa.selenium.remote.service.DriverCommandExecutor.execute(DriverCommandExecutor.java:83)
at org.openqa.selenium.remote.RemoteWebDriver.execute(RemoteWebDriver.java:552)
at org.openqa.selenium.remote.RemoteWebDriver.startSession(RemoteWebDriver.java:213)
at org.openqa.selenium.remote.RemoteWebDriver.<init>(RemoteWebDriver.java:131)
at org.openqa.selenium.chrome.ChromeDriver.<init>(ChromeDriver.java:181)
at org.openqa.selenium.chrome.ChromeDriver.<init>(ChromeDriver.java:168)
at org.openqa.selenium.chrome.ChromeDriver.<init>(ChromeDriver.java:123)
at toolsQA.core.InitializeBrowser.launchBrowser(InitializeBrowser.java:22)
at toolsQA.bo.ElementsPage.verifyPageTitle(ElementsPage.java:21)
at toolsQA.tests.ElementsPageTests.validateTitle(ElementsPageTests.java:22)
at sun.reflect.NativeMethodAccessorImpl.invoke0(Native Method)
at sun.reflect.NativeMethodAccessorImpl.invoke(NativeMethodAccessorImpl.java:62)
at sun.reflect.DelegatingMethodAccessorImpl.invoke(DelegatingMethodAccessorImpl.java:43)
at java.lang.reflect.Method.invoke(Method.java:498)
at org.testng.internal.MethodInvocationHelper.invokeMethod(MethodInvocationHelper.java:124)
at org.testng.internal.Invoker.invokeMethod(Invoker.java:583)
at org.testng.internal.Invoker.invokeTestMethod(Invoker.java:719)
at org.testng.internal.Invoker.invokeTestMethods(Invoker.java:989)
at org.testng.internal.TestMethodWorker.invokeTestMethods(TestMethodWorker.java:125)
at org.testng.internal.TestMethodWorker.run(TestMethodWorker.java:109)
at org.testng.TestRunner.privateRun(TestRunner.java:648)
at org.testng.TestRunner.run(TestRunner.java:505)
at org.testng.SuiteRunner.runTest(SuiteRunner.java:455)
at org.testng.SuiteRunner.runSequentially(SuiteRunner.java:450)
at org.testng.SuiteRunner.privateRun(SuiteRunner.java:415)
at org.testng.SuiteRunner.run(SuiteRunner.java:364)
at org.testng.SuiteRunnerWorker.runSuite(SuiteRunnerWorker.java:52)
at org.testng.SuiteRunnerWorker.run(SuiteRunnerWorker.java:84)
at org.testng.TestNG.runSuitesSequentially(TestNG.java:1208)
at org.testng.TestNG.runSuitesLocally(TestNG.java:1137)
at org.testng.TestNG.runSuites(TestNG.java:1049)
at org.testng.TestNG.run(TestNG.java:1017)
at org.testng.remote.AbstractRemoteTestNG.run(AbstractRemoteTestNG.java:115)
at org.testng.remote.RemoteTestNG.initAndRun(RemoteTestNG.java:251)
at org.testng.remote.RemoteTestNG.main(RemoteTestNG.java:77)
]]>
    </failure>
  </testcase> <!-- validateTitle -->
  <testcase name="testForm" time="0.0" classname="toolsQA.tests.FormsPageTests">
    <skipped/>
  </testcase> <!-- testForm -->
  <testcase name="testDroppable" time="0.0" classname="toolsQA.tests.InteractionsPageTests">
    <skipped/>
  </testcase> <!-- testDroppable -->
  <testcase name="testSelectable" time="0.0" classname="toolsQA.tests.InteractionsPageTests">
    <skipped/>
  </testcase> <!-- testSelectable -->
  <testcase name="testSelectMenu" time="0.0" classname="toolsQA.tests.WidgetsPageTests">
    <skipped/>
  </testcase> <!-- testSelectMenu -->
  <testcase name="TestCase002" time="0.0" classname="toolsQA.tests.DemoExtentReport">
    <skipped/>
  </testcase> <!-- TestCase002 -->
  <testcase name="TestCase003" time="0.0" classname="toolsQA.tests.DemoExtentReport">
    <skipped/>
  </testcase> <!-- TestCase003 -->
  <testcase name="TestCase004" time="0.0" classname="toolsQA.tests.DemoExtentReport">
    <skipped/>
  </testcase> <!-- TestCase004 -->
  <testcase name="Testcase01" time="0.0" classname="toolsQA.tests.DemoExtentReport">
    <skipped/>
  </testcase> <!-- Testcase01 -->
  <testcase name="testTimerAlerts" time="0.0" classname="toolsQA.tests.AlertsFrameWindowsTests">
    <skipped/>
  </testcase> <!-- testTimerAlerts -->
  <testcase name="testTabs" time="0.0" classname="toolsQA.tests.WidgetsPageTests">
    <ignored/>
  </testcase> <!-- testTabs -->
  <testcase name="testForms" time="0.0" classname="toolsQA.tests.ElementsPageTests">
    <ignored/>
  </testcase> <!-- testForms -->
</testsuite> <!-- WebApplications Function Test -->
